{
  "RSpec": {
    "coverage": {
      "/home/masterful-hardware-2522/tic-tac-toe-rb-nyc-fastttrack-011120/lib/tic_tac_toe.rb": [
        null,
        1,
        null,
        null,
        null,
        null,
        null,
        null,
        null,
        null,
        null,
        1,
        24,
        24,
        24,
        24,
        24,
        null,
        null,
        1,
        23,
        null,
        null,
        1,
        22,
        null,
        null,
        1,
        25,
        22,
        null,
        3,
        null,
        null,
        null,
        1,
        23,
        21,
        20,
        null,
        null,
        null,
        null,
        1,
        20,
        20,
        20,
        20,
        19,
        19,
        null,
        1,
        null,
        null,
        null,
        1,
        21,
        21,
        189,
        31,
        null,
        null,
        21,
        null,
        null,
        1,
        20,
        20,
        14,
        null,
        6,
        null,
        null,
        null,
        1,
        67,
        445,
        445,
        445,
        null,
        445,
        445,
        445,
        null,
        445,
        18,
        null,
        null,
        427,
        6,
        null,
        null,
        null,
        43,
        null,
        null,
        1,
        33,
        150,
        null,
        33,
        null,
        null,
        1,
        23,
        2,
        21,
        7,
        null,
        14,
        null,
        null,
        null,
        1,
        21,
        10,
        null,
        11,
        null,
        null,
        null,
        1,
        7,
        null,
        7,
        1,
        null,
        null,
        6,
        null,
        null,
        null,
        null,
        1,
        12,
        null,
        12,
        17,
        null,
        null,
        12,
        5,
        7,
        3,
        null,
        null,
        null,
        null
      ]
    },
    "timestamp": 1578779582
  }
}
