{
  "RSpec": {
    "coverage": {
      "/home/jack/tic-tac-toe-rb-nyc-fastttrack-011120/lib/tic_tac_toe.rb": [
        1,
        null,
        1,
        null,
        1,
        23,
        23,
        23,
        23,
        23,
        null,
        null,
        1,
        22,
        null,
        null,
        1,
        21,
        null,
        null,
        1,
        24,
        null,
        null,
        1,
        22,
        null,
        null,
        1,
        19,
        19,
        19,
        19,
        19,
        18,
        18,
        null,
        1,
        null,
        null,
        null,
        1,
        21,
        21,
        189,
        31,
        null,
        null,
        21,
        null,
        null,
        1,
        20,
        14,
        6,
        null,
        null,
        null,
        1,
        66,
        437,
        18,
        419,
        6,
        null,
        null,
        null,
        null,
        null,
        null,
        1,
        31,
        31,
        279,
        137,
        null,
        null,
        31,
        8,
        null,
        23,
        null,
        null,
        null,
        1,
        23,
        null,
        null,
        1,
        20,
        10,
        null,
        10,
        null,
        null,
        null,
        1,
        7,
        6,
        null,
        null,
        null,
        null,
        null,
        1,
        12,
        16,
        null,
        12,
        4,
        8,
        3,
        null,
        null
      ]
    },
    "timestamp": 1579148944
  }
}
